d:\01.data\11.cocos\cocos2d-x-2.2.2\cocos2d-x-2.2.2\projects\jumpface\proj.win32\debug.win32\vc120.pdb
d:\01.data\11.cocos\cocos2d-x-2.2.2\cocos2d-x-2.2.2\projects\jumpface\proj.win32\debug.win32\vc120.idb
d:\01.data\11.cocos\cocos2d-x-2.2.2\cocos2d-x-2.2.2\projects\jumpface\proj.win32\debug.win32\androidjni.obj
d:\01.data\11.cocos\cocos2d-x-2.2.2\cocos2d-x-2.2.2\projects\jumpface\proj.win32\debug.win32\appdelegate.obj
d:\01.data\11.cocos\cocos2d-x-2.2.2\cocos2d-x-2.2.2\projects\jumpface\proj.win32\debug.win32\bird.obj
d:\01.data\11.cocos\cocos2d-x-2.2.2\cocos2d-x-2.2.2\projects\jumpface\proj.win32\debug.win32\ground.obj
d:\01.data\11.cocos\cocos2d-x-2.2.2\cocos2d-x-2.2.2\projects\jumpface\proj.win32\debug.win32\helloworldscene.obj
d:\01.data\11.cocos\cocos2d-x-2.2.2\cocos2d-x-2.2.2\projects\jumpface\proj.win32\debug.win32\menu.obj
d:\01.data\11.cocos\cocos2d-x-2.2.2\cocos2d-x-2.2.2\projects\jumpface\proj.win32\debug.win32\scoreboard.obj
d:\01.data\11.cocos\cocos2d-x-2.2.2\cocos2d-x-2.2.2\projects\jumpface\proj.win32\debug.win32\splash.obj
d:\01.data\11.cocos\cocos2d-x-2.2.2\cocos2d-x-2.2.2\projects\jumpface\proj.win32\debug.win32\walk.obj
d:\01.data\11.cocos\cocos2d-x-2.2.2\cocos2d-x-2.2.2\projects\jumpface\proj.win32\debug.win32\main.obj
d:\01.data\11.cocos\cocos2d-x-2.2.2\cocos2d-x-2.2.2\projects\jumpface\proj.win32\debug.win32\ndkcallbacknode.obj
d:\01.data\11.cocos\cocos2d-x-2.2.2\cocos2d-x-2.2.2\projects\jumpface\proj.win32\debug.win32\ndkhelper.obj
d:\01.data\11.cocos\cocos2d-x-2.2.2\cocos2d-x-2.2.2\projects\jumpface\proj.win32\debug.win32\utf.obj
d:\01.data\11.cocos\cocos2d-x-2.2.2\cocos2d-x-2.2.2\debug.win32\jumpface.ilk
d:\01.data\11.cocos\cocos2d-x-2.2.2\cocos2d-x-2.2.2\debug.win32\jumpface.exe
d:\01.data\11.cocos\cocos2d-x-2.2.2\cocos2d-x-2.2.2\debug.win32\jumpface.pdb
d:\01.data\11.cocos\cocos2d-x-2.2.2\cocos2d-x-2.2.2\projects\jumpface\proj.win32\debug.win32\jumpface.tlog\cl.read.1.tlog
d:\01.data\11.cocos\cocos2d-x-2.2.2\cocos2d-x-2.2.2\projects\jumpface\proj.win32\debug.win32\jumpface.tlog\cl.write.1.tlog
d:\01.data\11.cocos\cocos2d-x-2.2.2\cocos2d-x-2.2.2\projects\jumpface\proj.win32\debug.win32\jumpface.tlog\cl.command.1.tlog
d:\01.data\11.cocos\cocos2d-x-2.2.2\cocos2d-x-2.2.2\projects\jumpface\proj.win32\debug.win32\jumpface.tlog\link.read.1.tlog
d:\01.data\11.cocos\cocos2d-x-2.2.2\cocos2d-x-2.2.2\projects\jumpface\proj.win32\debug.win32\jumpface.tlog\link.write.1.tlog
d:\01.data\11.cocos\cocos2d-x-2.2.2\cocos2d-x-2.2.2\projects\jumpface\proj.win32\debug.win32\jumpface.tlog\link.command.1.tlog
