#
# There is insufficient memory for the Java Runtime Environment to continue.
# Native memory allocation (malloc) failed to allocate 131088 bytes for Chunk::new
# Possible reasons:
#   The system is out of physical RAM or swap space
#   In 32 bit mode, the process size limit was hit
# Possible solutions:
#   Reduce memory load on the system
#   Increase physical memory or swap space
#   Check if swap backing store is full
#   Use 64 bit Java on a 64 bit OS
#   Decrease Java heap size (-Xmx/-Xms)
#   Decrease number of Java threads
#   Decrease Java thread stack sizes (-Xss)
#   Set larger code cache with -XX:ReservedCodeCacheSize=
# This output file may be truncated or incomplete.
#
#  Out of Memory Error (allocation.cpp:390), pid=6012, tid=6488
#
# JRE version: Java(TM) SE Runtime Environment (8.0_20-b26) (build 1.8.0_20-b26)
# Java VM: Java HotSpot(TM) 64-Bit Server VM (25.20-b23 mixed mode windows-amd64 compressed oops)
# Failed to write core dump. Minidumps are not enabled by default on client versions of Windows
#

---------------  T H R E A D  ---------------

Current thread (0x000000001518b800):  JavaThread "C2 CompilerThread0" daemon [_thread_in_native, id=6488, stack(0x0000000016700000,0x0000000016800000)]

Stack: [0x0000000016700000,0x0000000016800000]
Native frames: (J=compiled Java code, j=interpreted, Vv=VM code, C=native code)
V  [jvm.dll+0x3152fa]


Current CompileTask:
C2:  19494 1873       4       com.android.dx.ssa.ConstCollector::getConstsSortedByCountUse (386 bytes)


---------------  P R O C E S S  ---------------

Java Threads: ( => current thread )
  0x00000000151ea000 JavaThread "Service Thread" daemon [_thread_blocked, id=6564, stack(0x0000000016a00000,0x0000000016b00000)]
  0x00000000151e3000 JavaThread "C1 CompilerThread2" daemon [_thread_blocked, id=6560, stack(0x0000000016900000,0x0000000016a00000)]
  0x00000000151dd000 JavaThread "C2 CompilerThread1" daemon [_thread_in_native, id=6484, stack(0x0000000016800000,0x0000000016900000)]
=>0x000000001518b800 JavaThread "C2 CompilerThread0" daemon [_thread_in_native, id=6488, stack(0x0000000016700000,0x0000000016800000)]
  0x000000001518a000 JavaThread "Attach Listener" daemon [_thread_blocked, id=6492, stack(0x0000000016600000,0x0000000016700000)]
  0x0000000015189000 JavaThread "Signal Dispatcher" daemon [_thread_blocked, id=6500, stack(0x0000000016500000,0x0000000016600000)]
  0x0000000002ab4800 JavaThread "Finalizer" daemon [_thread_blocked, id=6476, stack(0x0000000016400000,0x0000000016500000)]
  0x0000000002aab800 JavaThread "Reference Handler" daemon [_thread_blocked, id=6356, stack(0x0000000016300000,0x0000000016400000)]
  0x00000000029c0800 JavaThread "main" [_thread_in_vm, id=6700, stack(0x0000000001050000,0x0000000001150000)]

Other Threads:
  0x0000000015155800 VMThread [stack: 0x0000000016200000,0x0000000016300000] [id=6604]
  0x00000000151ed000 WatcherThread [stack: 0x0000000016b00000,0x0000000016c00000] [id=6480]

VM state:not at safepoint (normal execution)

VM Mutex/Monitor currently owned by a thread: None

Heap:
 PSYoungGen      total 52736K, used 48693K [0x00000000eab00000, 0x00000000ee200000, 0x0000000100000000)
  eden space 49152K, 91% used [0x00000000eab00000,0x00000000ed711708,0x00000000edb00000)
  from space 3584K, 99% used [0x00000000edb00000,0x00000000ede7c010,0x00000000ede80000)
  to   space 3584K, 0% used [0x00000000ede80000,0x00000000ede80000,0x00000000ee200000)
 ParOldGen       total 64512K, used 12990K [0x00000000c0000000, 0x00000000c3f00000, 0x00000000eab00000)
  object space 64512K, 20% used [0x00000000c0000000,0x00000000c0cafb38,0x00000000c3f00000)
 Metaspace       used 5974K, capacity 7088K, committed 7296K, reserved 1056768K
  class space    used 570K, capacity 616K, committed 640K, reserved 1048576K

Card table byte_map: [0x0000000011e80000,0x0000000012090000] byte_map_base: 0x0000000011880000

Marking Bits: (ParMarkBitMap*) 0x000000005dc8b460
 Begin Bits: [0x00000000125f0000, 0x00000000135f0000)
 End Bits:   [0x00000000135f0000, 0x00000000145f0000)

Polling page: 0x0000000002880000

CodeCache: size=245760Kb used=9340Kb max_used=9352Kb free=236419Kb
 bounds [0x0000000002ac0000, 0x00000000033f0000, 0x0000000011ac0000]
 total_blobs=2133 nmethods=1874 adapters=174
 compilation: enabled

Compilation events (10 events):
Event: 19.228 Thread 0x00000000151e3000 nmethod 1875 0x00000000033d6f50 code [0x00000000033d7180, 0x00000000033d7e48]
Event: 19.234 Thread 0x00000000151dd000 nmethod 1868 0x00000000033cf290 code [0x00000000033cf4c0, 0x00000000033d0590]
Event: 19.234 Thread 0x00000000151dd000 1876       4       com.android.dx.rop.code.RegisterSpec::equals (51 bytes)
Event: 19.238 Thread 0x00000000151dd000 nmethod 1876 0x00000000033d29d0 code [0x00000000033d2b20, 0x00000000033d2e58]
Event: 19.440 Thread 0x00000000151e3000 1877       3       com.android.dx.ssa.LiteralOpUpgrader::isConstIntZeroOrKnownNull (34 bytes)
Event: 19.440 Thread 0x00000000151e3000 nmethod 1877 0x00000000033c8790 code [0x00000000033c8920, 0x00000000033c8e48]
Event: 19.443 Thread 0x00000000151dd000 1878       4       com.android.dx.rop.type.Prototype::getParameterFrameTypes (96 bytes)
Event: 19.453 Thread 0x00000000151dd000 nmethod 1878 0x00000000033ceb10 code [0x00000000033cec80, 0x00000000033cefd8]
Event: 19.462 Thread 0x00000000151dd000 1879       4       com.android.dx.rop.code.RegisterSpec$ForComparison::equals (31 bytes)
Event: 19.467 Thread 0x00000000151dd000 nmethod 1879 0x00000000033ce090 code [0x00000000033ce1e0, 0x00000000033ce558]

GC Heap History (6 events):
Event: 3.155 GC heap before
{Heap before GC invocations=1 (full 0):
 PSYoungGen      total 28160K, used 24576K [0x00000000eab00000, 0x00000000eca00000, 0x0000000100000000)
  eden space 24576K, 100% used [0x00000000eab00000,0x00000000ec300000,0x00000000ec300000)
  from space 3584K, 0% used [0x00000000ec680000,0x00000000ec680000,0x00000000eca00000)
  to   space 3584K, 0% used [0x00000000ec300000,0x00000000ec300000,0x00000000ec680000)
 ParOldGen       total 64512K, used 0K [0x00000000c0000000, 0x00000000c3f00000, 0x00000000eab00000)
  object space 64512K, 0% used [0x00000000c0000000,0x00000000c0000000,0x00000000c3f00000)
 Metaspace       used 5647K, capacity 6896K, committed 7040K, reserved 1056768K
  class space    used 549K, capacity 616K, committed 640K, reserved 1048576K
Event: 3.246 GC heap after
Heap after GC invocations=1 (full 0):
 PSYoungGen      total 28160K, used 3559K [0x00000000eab00000, 0x00000000ee200000, 0x0000000100000000)
  eden space 24576K, 0% used [0x00000000eab00000,0x00000000eab00000,0x00000000ec300000)
  from space 3584K, 99% used [0x00000000ec300000,0x00000000ec679c98,0x00000000ec680000)
  to   space 3584K, 0% used [0x00000000ede80000,0x00000000ede80000,0x00000000ee200000)
 ParOldGen       total 64512K, used 1956K [0x00000000c0000000, 0x00000000c3f00000, 0x00000000eab00000)
  object space 64512K, 3% used [0x00000000c0000000,0x00000000c01e92c8,0x00000000c3f00000)
 Metaspace       used 5647K, capacity 6896K, committed 7040K, reserved 1056768K
  class space    used 549K, capacity 616K, committed 640K, reserved 1048576K
}
Event: 6.604 GC heap before
{Heap before GC invocations=2 (full 0):
 PSYoungGen      total 28160K, used 28135K [0x00000000eab00000, 0x00000000ee200000, 0x0000000100000000)
  eden space 24576K, 100% used [0x00000000eab00000,0x00000000ec300000,0x00000000ec300000)
  from space 3584K, 99% used [0x00000000ec300000,0x00000000ec679c98,0x00000000ec680000)
  to   space 3584K, 0% used [0x00000000ede80000,0x00000000ede80000,0x00000000ee200000)
 ParOldGen       total 64512K, used 1956K [0x00000000c0000000, 0x00000000c3f00000, 0x00000000eab00000)
  object space 64512K, 3% used [0x00000000c0000000,0x00000000c01e92c8,0x00000000c3f00000)
 Metaspace       used 5790K, capacity 7024K, committed 7296K, reserved 1056768K
  class space    used 551K, capacity 616K, committed 640K, reserved 1048576K
Event: 6.796 GC heap after
Heap after GC invocations=2 (full 0):
 PSYoungGen      total 52736K, used 3559K [0x00000000eab00000, 0x00000000ee200000, 0x0000000100000000)
  eden space 49152K, 0% used [0x00000000eab00000,0x00000000eab00000,0x00000000edb00000)
  from space 3584K, 99% used [0x00000000ede80000,0x00000000ee1f9c78,0x00000000ee200000)
  to   space 3584K, 0% used [0x00000000edb00000,0x00000000edb00000,0x00000000ede80000)
 ParOldGen       total 64512K, used 5516K [0x00000000c0000000, 0x00000000c3f00000, 0x00000000eab00000)
  object space 64512K, 8% used [0x00000000c0000000,0x00000000c0563220,0x00000000c3f00000)
 Metaspace       used 5790K, capacity 7024K, committed 7296K, reserved 1056768K
  class space    used 551K, capacity 616K, committed 640K, reserved 1048576K
}
Event: 15.113 GC heap before
{Heap before GC invocations=3 (full 0):
 PSYoungGen      total 52736K, used 52711K [0x00000000eab00000, 0x00000000ee200000, 0x0000000100000000)
  eden space 49152K, 100% used [0x00000000eab00000,0x00000000edb00000,0x00000000edb00000)
  from space 3584K, 99% used [0x00000000ede80000,0x00000000ee1f9c78,0x00000000ee200000)
  to   space 3584K, 0% used [0x00000000edb00000,0x00000000edb00000,0x00000000ede80000)
 ParOldGen       total 64512K, used 5516K [0x00000000c0000000, 0x00000000c3f00000, 0x00000000eab00000)
  object space 64512K, 8% used [0x00000000c0000000,0x00000000c0563220,0x00000000c3f00000)
 Metaspace       used 5858K, capacity 7088K, committed 7296K, reserved 1056768K
  class space    used 551K, capacity 616K, committed 640K, reserved 1048576K
Event: 15.403 GC heap after
Heap after GC invocations=3 (full 0):
 PSYoungGen      total 52736K, used 3568K [0x00000000eab00000, 0x00000000ee200000, 0x0000000100000000)
  eden space 49152K, 0% used [0x00000000eab00000,0x00000000eab00000,0x00000000edb00000)
  from space 3584K, 99% used [0x00000000edb00000,0x00000000ede7c010,0x00000000ede80000)
  to   space 3584K, 0% used [0x00000000ede80000,0x00000000ede80000,0x00000000ee200000)
 ParOldGen       total 64512K, used 12990K [0x00000000c0000000, 0x00000000c3f00000, 0x00000000eab00000)
  object space 64512K, 20% used [0x00000000c0000000,0x00000000c0cafb38,0x00000000c3f00000)
 Metaspace       used 5858K, capacity 7088K, committed 7296K, reserved 1056768K
  class space    used 551K, capacity 616K, committed 640K, reserved 1048576K
}

Deoptimization events (10 events):
Event: 15.471 Thread 0x00000000029c0800 Uncommon trap: reason=bimorphic action=maybe_recompile pc=0x00000000032ffd74 method=com.android.dx.cf.code.BytecodeArray.parseInstruction(ILcom/android/dx/cf/code/BytecodeArray$Visitor;)I @ 1130
Event: 15.474 Thread 0x00000000029c0800 Uncommon trap: reason=unreached action=reinterpret pc=0x0000000003178584 method=com.android.dx.cf.code.RopperMachine.run(Lcom/android/dx/cf/code/Frame;II)V @ 1500
Event: 15.475 Thread 0x00000000029c0800 Uncommon trap: reason=class_check action=maybe_recompile pc=0x00000000031f6e9c method=com.android.dx.cf.code.Ropper.processBlock(Lcom/android/dx/cf/code/ByteBlock;Lcom/android/dx/cf/code/Frame;[I)V @ 777
Event: 18.409 Thread 0x00000000029c0800 Uncommon trap: reason=class_check action=maybe_recompile pc=0x0000000002f0057c method=java.util.HashMap.putVal(ILjava/lang/Object;Ljava/lang/Object;ZZ)Ljava/lang/Object; @ 203
Event: 18.429 Thread 0x00000000029c0800 Uncommon trap: reason=class_check action=maybe_recompile pc=0x0000000002f0057c method=java.util.HashMap.putVal(ILjava/lang/Object;Ljava/lang/Object;ZZ)Ljava/lang/Object; @ 203
Event: 18.444 Thread 0x00000000029c0800 Uncommon trap: reason=bimorphic action=maybe_recompile pc=0x0000000003357474 method=com.android.dx.cf.code.BytecodeArray.parseInstruction(ILcom/android/dx/cf/code/BytecodeArray$Visitor;)I @ 2281
Event: 18.444 Thread 0x00000000029c0800 Uncommon trap: reason=bimorphic action=maybe_recompile pc=0x0000000003357474 method=com.android.dx.cf.code.BytecodeArray.parseInstruction(ILcom/android/dx/cf/code/BytecodeArray$Visitor;)I @ 2281
Event: 18.564 Thread 0x00000000029c0800 Uncommon trap: reason=unreached action=reinterpret pc=0x00000000033855c4 method=com.android.dx.cf.code.ByteCatchList.typeNotFound(Lcom/android/dx/cf/code/ByteCatchList$Item;[Lcom/android/dx/cf/code/ByteCatchList$Item;I)Z @ 34
Event: 18.565 Thread 0x00000000029c0800 Uncommon trap: reason=unreached action=reinterpret pc=0x000000000321a1d0 method=com.android.dx.cf.code.ByteCatchList.typeNotFound(Lcom/android/dx/cf/code/ByteCatchList$Item;[Lcom/android/dx/cf/code/ByteCatchList$Item;I)Z @ 34
Event: 19.225 Thread 0x00000000029c0800 Uncommon trap: reason=unreached action=reinterpret pc=0x0000000002f18704 method=java.util.HashMap.getNode(ILjava/lang/Object;)Ljava/util/HashMap$Node; @ 84

Internal exceptions (10 events):
Event: 1.714 Thread 0x00000000029c0800 Exception <a 'java/security/PrivilegedActionException'> (0x00000000eb574000) thrown at [D:\re\workspace\8-2-build-windows-amd64-cygwin\jdk8u20\1074\hotspot\src\share\vm\prims\jvm.cpp, line 1275]
Event: 1.716 Thread 0x00000000029c0800 Exception <a 'java/security/PrivilegedActionException'> (0x00000000eb57e648) thrown at [D:\re\workspace\8-2-build-windows-amd64-cygwin\jdk8u20\1074\hotspot\src\share\vm\prims\jvm.cpp, line 1275]
Event: 1.796 Thread 0x00000000029c0800 Exception <a 'java/security/PrivilegedActionException'> (0x00000000eb5ff4b0) thrown at [D:\re\workspace\8-2-build-windows-amd64-cygwin\jdk8u20\1074\hotspot\src\share\vm\prims\jvm.cpp, line 1275]
Event: 1.907 Thread 0x00000000029c0800 Exception <a 'java/security/PrivilegedActionException'> (0x00000000eb663a50) thrown at [D:\re\workspace\8-2-build-windows-amd64-cygwin\jdk8u20\1074\hotspot\src\share\vm\prims\jvm.cpp, line 1275]
Event: 6.188 Thread 0x00000000029c0800 Exception <a 'java/security/PrivilegedActionException'> (0x00000000ebfc3c38) thrown at [D:\re\workspace\8-2-build-windows-amd64-cygwin\jdk8u20\1074\hotspot\src\share\vm\prims\jvm.cpp, line 1275]
Event: 6.217 Thread 0x00000000029c0800 Exception <a 'java/security/PrivilegedActionException'> (0x00000000ec04d4b8) thrown at [D:\re\workspace\8-2-build-windows-amd64-cygwin\jdk8u20\1074\hotspot\src\share\vm\prims\jvm.cpp, line 1275]
Event: 7.939 Thread 0x00000000029c0800 Exception <a 'java/security/PrivilegedActionException'> (0x00000000eb701e60) thrown at [D:\re\workspace\8-2-build-windows-amd64-cygwin\jdk8u20\1074\hotspot\src\share\vm\prims\jvm.cpp, line 1275]
Event: 19.221 Thread 0x00000000029c0800 Exception <a 'java/lang/ArrayIndexOutOfBoundsException': 18> (0x00000000ed42c150) thrown at [D:\re\workspace\8-2-build-windows-amd64-cygwin\jdk8u20\1074\hotspot\src\share\vm\interpreter\interpreterRuntime.cpp, line 366]
Event: 19.222 Thread 0x00000000029c0800 Exception <a 'java/lang/ArrayIndexOutOfBoundsException'> (0x00000000ed42dbe8) thrown at [D:\re\workspace\8-2-build-windows-amd64-cygwin\jdk8u20\1074\hotspot\src\share\vm\runtime\sharedRuntime.cpp, line 604]
Event: 19.224 Thread 0x00000000029c0800 Exception <a 'java/lang/ArrayIndexOutOfBoundsException'> (0x00000000ed42ee00) thrown at [D:\re\workspace\8-2-build-windows-amd64-cygwin\jdk8u20\1074\hotspot\src\share\vm\runtime\sharedRuntime.cpp, line 604]

Events (10 events):
Event: 19.223 loading class sun/reflect/generics/reflectiveObjects/ParameterizedTypeImpl done
Event: 19.224 loading class java/lang/reflect/TypeVariable
Event: 19.224 loading class java/lang/reflect/TypeVariable done
Event: 19.224 loading class sun/reflect/generics/reflectiveObjects/TypeVariableImpl
Event: 19.224 loading class sun/reflect/generics/reflectiveObjects/LazyReflectiveObjectGenerator
Event: 19.224 loading class sun/reflect/generics/reflectiveObjects/LazyReflectiveObjectGenerator done
Event: 19.224 loading class sun/reflect/generics/reflectiveObjects/TypeVariableImpl done
Event: 19.225 Thread 0x00000000029c0800 Uncommon trap: trap_request=0xffffffad fr.pc=0x0000000002f18704
Event: 19.225 Thread 0x00000000029c0800 DEOPT PACKING pc=0x0000000002f18704 sp=0x000000000114e610
Event: 19.225 Thread 0x00000000029c0800 DEOPT UNPACKING pc=0x0000000002b0556a sp=0x000000000114e4d0 mode 2


Dynamic libraries:
0x00007ff6b2960000 - 0x00007ff6b2994000 	C:\Program Files\Java\jdk1.8.0_20\bin\java.exe
0x00007ffdf8720000 - 0x00007ffdf88ca000 	C:\Windows\SYSTEM32\ntdll.dll
0x00007ffdf7cb0000 - 0x00007ffdf7dea000 	C:\Windows\system32\KERNEL32.DLL
0x00007ffdf5d40000 - 0x00007ffdf5e4f000 	C:\Windows\system32\KERNELBASE.dll
0x00007ffdf46c0000 - 0x00007ffdf4748000 	C:\Windows\system32\apphelp.dll
0x00007ffdeb900000 - 0x00007ffdeb94f000 	C:\Windows\AppPatch\AppPatch64\AcGenral.DLL
0x00007ffdf8180000 - 0x00007ffdf8227000 	C:\Windows\system32\msvcrt.dll
0x00007ffdf5940000 - 0x00007ffdf596b000 	C:\Windows\SYSTEM32\SspiCli.dll
0x00007ffdf60a0000 - 0x00007ffdf60f1000 	C:\Windows\system32\SHLWAPI.dll
0x00007ffdf8530000 - 0x00007ffdf86a1000 	C:\Windows\system32\USER32.dll
0x00007ffdf62d0000 - 0x00007ffdf6448000 	C:\Windows\system32\ole32.dll
0x00007ffdf6630000 - 0x00007ffdf7a47000 	C:\Windows\system32\SHELL32.dll
0x00007ffdf5120000 - 0x00007ffdf513e000 	C:\Windows\SYSTEM32\USERENV.dll
0x00007ffdf8480000 - 0x00007ffdf8525000 	C:\Windows\system32\ADVAPI32.dll
0x00007ffdee870000 - 0x00007ffdee88b000 	C:\Windows\SYSTEM32\MPR.dll
0x00007ffdf7b00000 - 0x00007ffdf7c36000 	C:\Windows\system32\RPCRT4.dll
0x00007ffdf6120000 - 0x00007ffdf6177000 	C:\Windows\SYSTEM32\sechost.dll
0x00007ffdf6450000 - 0x00007ffdf6626000 	C:\Windows\SYSTEM32\combase.dll
0x00007ffdf7fd0000 - 0x00007ffdf8115000 	C:\Windows\system32\GDI32.dll
0x00007ffdf5a90000 - 0x00007ffdf5aa4000 	C:\Windows\SYSTEM32\profapi.dll
0x00007ffdf40f0000 - 0x00007ffdf418f000 	C:\Windows\SYSTEM32\SHCORE.dll
0x00007ffdf6060000 - 0x00007ffdf6094000 	C:\Windows\system32\IMM32.DLL
0x00007ffdf6190000 - 0x00007ffdf62c9000 	C:\Windows\system32\MSCTF.dll
0x00007ffdf30f0000 - 0x00007ffdf334a000 	C:\Windows\WinSxS\amd64_microsoft.windows.common-controls_6595b64144ccf1df_6.0.9600.17031_none_6242a4b3ecbb55a1\COMCTL32.dll
0x000000005d030000 - 0x000000005d102000 	C:\Program Files\Java\jdk1.8.0_20\jre\bin\msvcr100.dll
0x000000005d4b0000 - 0x000000005dd08000 	C:\Program Files\Java\jdk1.8.0_20\jre\bin\server\jvm.dll
0x00007ffdf4390000 - 0x00007ffdf4399000 	C:\Windows\SYSTEM32\WSOCK32.dll
0x00007ffdf2cc0000 - 0x00007ffdf2cdf000 	C:\Windows\SYSTEM32\WINMM.dll
0x00007ffdf8710000 - 0x00007ffdf8717000 	C:\Windows\system32\PSAPI.DLL
0x00007ffdf86b0000 - 0x00007ffdf8708000 	C:\Windows\system32\WS2_32.dll
0x00007ffdf2670000 - 0x00007ffdf269a000 	C:\Windows\SYSTEM32\WINMMBASE.dll
0x00007ffdf6180000 - 0x00007ffdf6189000 	C:\Windows\system32\NSI.dll
0x00007ffdf5e50000 - 0x00007ffdf5e9a000 	C:\Windows\SYSTEM32\cfgmgr32.dll
0x00007ffdf4910000 - 0x00007ffdf4936000 	C:\Windows\SYSTEM32\DEVOBJ.dll
0x000000005d4a0000 - 0x000000005d4af000 	C:\Program Files\Java\jdk1.8.0_20\jre\bin\verify.dll
0x000000005d470000 - 0x000000005d498000 	C:\Program Files\Java\jdk1.8.0_20\jre\bin\java.dll
0x000000005d450000 - 0x000000005d466000 	C:\Program Files\Java\jdk1.8.0_20\jre\bin\zip.dll

VM Arguments:
jvm_args: -Xmx1024M -Dfile.encoding=windows-1252 -Duser.country=US -Duser.language=en -Duser.variant 
java_command: com.android.dx.command.Main --dex --output F:\08.Git\MyGit\Titoapps\Studio\FlashLight\app\build\intermediates\pre-dexed\debug\classes-9488af7cc0d4def3823d75799419c02cc9e5b0be.jar F:\08.Git\MyGit\Titoapps\Studio\FlashLight\app\build\intermediates\exploded-aar\com.google.android.gms\play-services-ads\7.0.0\classes.jar
java_class_path (initial): H:\01.Develop\Soft\android-sdk\build-tools\22.0.1\lib\dx.jar
Launcher Type: SUN_STANDARD

Environment Variables:
PATH=C:\ProgramData\Oracle\Java\javapath;C:\Windows\system32;C:\Windows;C:\Windows\System32\Wbem;C:\Windows\System32\WindowsPowerShell\v1.0\;C:\Program Files (x86)\Skype\Phone\;C:\Program Files\TortoiseGit\bin;C:\Program Files\TortoiseHg\;C:\Program Files\TortoiseSVN\bin;C:\Program Files (x86)\Windows Kits\8.1\Windows Performance Toolkit\;C:\Program Files\Microsoft SQL Server\110\Tools\Binn\
USERNAME=Du
OS=Windows_NT
PROCESSOR_IDENTIFIER=Intel64 Family 6 Model 37 Stepping 5, GenuineIntel



---------------  S Y S T E M  ---------------

OS: Windows 8.1 , 64 bit Build 9600 

CPU:total 4 (2 cores per cpu, 2 threads per core) family 6 model 37 stepping 5, cmov, cx8, fxsr, mmx, sse, sse2, sse3, ssse3, sse4.1, sse4.2, popcnt, aes, clmul, ht, tsc, tscinvbit

Memory: 4k page, physical 6077828k(1141908k free), swap 6077828k(5172k free)

vm_info: Java HotSpot(TM) 64-Bit Server VM (25.20-b23) for windows-amd64 JRE (1.8.0_20-b26), built on Jul 30 2014 13:51:23 by "java_re" with MS VC++ 10.0 (VS2010)

time: Thu Jul 16 00:22:37 2015
elapsed time: 19 seconds (0d 0h 0m 19s)

